GET /login HTTP/1.1
Host: localhost:12003
Sec-Fetch-Site: none
Connection: keep-alive
Upgrade-Insecure-Requests: 1
Sec-Fetch-Mode: navigate
Accept: text/html,application/xhtml+xml,application/xml;q=0.9,*/*;q=0.8
User-Agent: Mozilla/5.0 (Macintosh; Intel Mac OS X 10_15_7) AppleWebKit/605.1.15 (KHTML, like Gecko) Version/17.6 Safari/605.1.15
Accept-Language: en-US,en;q=0.9
Sec-Fetch-Dest: document
Accept-Encoding: gzip, deflate

GET /login HTTP/1.1
Host: localhost:12003
Sec-Fetch-Site: none
Connection: keep-alive
Upgrade-Insecure-Requests: 1
Sec-Fetch-Mode: navigate
Accept: text/html,application/xhtml+xml,application/xml;q=0.9,*/*;q=0.8
User-Agent: Mozilla/5.0 (Macintosh; Intel Mac OS X 10_15_7) AppleWebKit/605.1.15 (KHTML, like Gecko) Version/17.6 Safari/605.1.15
Accept-Language: en-US,en;q=0.9
Sec-Fetch-Dest: document
Accept-Encoding: gzip, deflate

GET /login HTTP/1.1
Host: localhost:12003
Sec-Fetch-Site: none
Connection: keep-alive
Upgrade-Insecure-Requests: 1
Sec-Fetch-Mode: navigate
Accept: text/html,application/xhtml+xml,application/xml;q=0.9,*/*;q=0.8
User-Agent: Mozilla/5.0 (Macintosh; Intel Mac OS X 10_15_7) AppleWebKit/605.1.15 (KHTML, like Gecko) Version/17.6 Safari/605.1.15
Accept-Language: en-US,en;q=0.9
Sec-Fetch-Dest: document
Accept-Encoding: gzip, deflate

GET / HTTP/1.1
Host: localhost:12003
Sec-Fetch-Site: none
Connection: keep-alive
Upgrade-Insecure-Requests: 1
Sec-Fetch-Mode: navigate
Accept: text/html,application/xhtml+xml,application/xml;q=0.9,*/*;q=0.8
User-Agent: Mozilla/5.0 (Macintosh; Intel Mac OS X 10_15_7) AppleWebKit/605.1.15 (KHTML, like Gecko) Version/17.6 Safari/605.1.15
Accept-Language: en-US,en;q=0.9
Sec-Fetch-Dest: document
Accept-Encoding: gzip, deflate

GET / HTTP/1.1
Host: localhost:12003
Sec-Fetch-Site: none
Connection: keep-alive
Upgrade-Insecure-Requests: 1
Sec-Fetch-Mode: navigate
Accept: text/html,application/xhtml+xml,application/xml;q=0.9,*/*;q=0.8
User-Agent: Mozilla/5.0 (Macintosh; Intel Mac OS X 10_15_7) AppleWebKit/605.1.15 (KHTML, like Gecko) Version/17.6 Safari/605.1.15
Accept-Language: en-US,en;q=0.9
Sec-Fetch-Dest: document
Accept-Encoding: gzip, deflate

GET /y HTTP/1.1
Host: localhost:12003
Sec-Fetch-Site: none
Connection: keep-alive
Upgrade-Insecure-Requests: 1
Sec-Fetch-Mode: navigate
Accept: text/html,application/xhtml+xml,application/xml;q=0.9,*/*;q=0.8
User-Agent: Mozilla/5.0 (Macintosh; Intel Mac OS X 10_15_7) AppleWebKit/605.1.15 (KHTML, like Gecko) Version/17.6 Safari/605.1.15
Accept-Language: en-US,en;q=0.9
Sec-Fetch-Dest: document
Accept-Encoding: gzip, deflate

GET / HTTP/1.1
Host: localhost:12003
Sec-Fetch-Site: none
Connection: keep-alive
Upgrade-Insecure-Requests: 1
Sec-Fetch-Mode: navigate
Accept: text/html,application/xhtml+xml,application/xml;q=0.9,*/*;q=0.8
User-Agent: Mozilla/5.0 (Macintosh; Intel Mac OS X 10_15_7) AppleWebKit/605.1.15 (KHTML, like Gecko) Version/17.6 Safari/605.1.15
Accept-Language: en-US,en;q=0.9
Sec-Fetch-Dest: document
Accept-Encoding: gzip, deflate

GET /login HTTP/1.1
Host: localhost:12003
Sec-Fetch-Site: same-origin
Accept-Encoding: gzip, deflate
Connection: keep-alive
Upgrade-Insecure-Requests: 1
Sec-Fetch-Mode: navigate
Accept: text/html,application/xhtml+xml,application/xml;q=0.9,*/*;q=0.8
User-Agent: Mozilla/5.0 (Macintosh; Intel Mac OS X 10_15_7) AppleWebKit/605.1.15 (KHTML, like Gecko) Version/17.6 Safari/605.1.15
Referer: http://localhost:12003/
Sec-Fetch-Dest: document
Accept-Language: en-US,en;q=0.9

GET /login HTTP/1.1
Host: localhost:12003
Sec-Fetch-Site: none
Connection: keep-alive
Upgrade-Insecure-Requests: 1
Sec-Fetch-Mode: navigate
Accept: text/html,application/xhtml+xml,application/xml;q=0.9,*/*;q=0.8
User-Agent: Mozilla/5.0 (Macintosh; Intel Mac OS X 10_15_7) AppleWebKit/605.1.15 (KHTML, like Gecko) Version/17.6 Safari/605.1.15
Accept-Language: en-US,en;q=0.9
Sec-Fetch-Dest: document
Accept-Encoding: gzip, deflate

GET /lo HTTP/1.1
Host: localhost:12003
Sec-Fetch-Site: none
Connection: keep-alive
Upgrade-Insecure-Requests: 1
Sec-Fetch-Mode: navigate
Accept: text/html,application/xhtml+xml,application/xml;q=0.9,*/*;q=0.8
User-Agent: Mozilla/5.0 (Macintosh; Intel Mac OS X 10_15_7) AppleWebKit/605.1.15 (KHTML, like Gecko) Version/17.6 Safari/605.1.15
Accept-Language: en-US,en;q=0.9
Sec-Fetch-Dest: document
Accept-Encoding: gzip, deflate

GET / HTTP/1.1
Host: localhost:12003
Sec-Fetch-Site: none
Connection: keep-alive
Upgrade-Insecure-Requests: 1
Sec-Fetch-Mode: navigate
Accept: text/html,application/xhtml+xml,application/xml;q=0.9,*/*;q=0.8
User-Agent: Mozilla/5.0 (Macintosh; Intel Mac OS X 10_15_7) AppleWebKit/605.1.15 (KHTML, like Gecko) Version/17.6 Safari/605.1.15
Accept-Language: en-US,en;q=0.9
Sec-Fetch-Dest: document
Accept-Encoding: gzip, deflate

GET / HTTP/1.1
Host: localhost:12003
Sec-Fetch-Site: none
Connection: keep-alive
Upgrade-Insecure-Requests: 1
Sec-Fetch-Mode: navigate
Accept: text/html,application/xhtml+xml,application/xml;q=0.9,*/*;q=0.8
User-Agent: Mozilla/5.0 (Macintosh; Intel Mac OS X 10_15_7) AppleWebKit/605.1.15 (KHTML, like Gecko) Version/17.6 Safari/605.1.15
Accept-Language: en-US,en;q=0.9
Sec-Fetch-Dest: document
Accept-Encoding: gzip, deflate

GET / HTTP/1.1
Host: localhost:12003
Sec-Fetch-Site: none
Connection: keep-alive
Upgrade-Insecure-Requests: 1
Sec-Fetch-Mode: navigate
Accept: text/html,application/xhtml+xml,application/xml;q=0.9,*/*;q=0.8
User-Agent: Mozilla/5.0 (Macintosh; Intel Mac OS X 10_15_7) AppleWebKit/605.1.15 (KHTML, like Gecko) Version/17.6 Safari/605.1.15
Accept-Language: en-US,en;q=0.9
Sec-Fetch-Dest: document
Accept-Encoding: gzip, deflate

GET /%% HTTP/1.1
Host: localhost:12003
Sec-Fetch-Site: none
Connection: keep-alive
Upgrade-Insecure-Requests: 1
Sec-Fetch-Mode: navigate
Accept: text/html,application/xhtml+xml,application/xml;q=0.9,*/*;q=0.8
User-Agent: Mozilla/5.0 (Macintosh; Intel Mac OS X 10_15_7) AppleWebKit/605.1.15 (KHTML, like Gecko) Version/17.6 Safari/605.1.15
Accept-Language: en-US,en;q=0.9
Sec-Fetch-Dest: document
Accept-Encoding: gzip, deflate

GET / HTTP/1.1
Host: localhost:12003
Sec-Fetch-Site: none
Connection: keep-alive
Upgrade-Insecure-Requests: 1
Sec-Fetch-Mode: navigate
Accept: text/html,application/xhtml+xml,application/xml;q=0.9,*/*;q=0.8
User-Agent: Mozilla/5.0 (Macintosh; Intel Mac OS X 10_15_7) AppleWebKit/605.1.15 (KHTML, like Gecko) Version/17.6 Safari/605.1.15
Accept-Language: en-US,en;q=0.9
Sec-Fetch-Dest: document
Accept-Encoding: gzip, deflate

GET / HTTP/1.1
Host: localhost:12003
Sec-Fetch-Site: none
Connection: keep-alive
Upgrade-Insecure-Requests: 1
Sec-Fetch-Mode: navigate
Accept: text/html,application/xhtml+xml,application/xml;q=0.9,*/*;q=0.8
User-Agent: Mozilla/5.0 (Macintosh; Intel Mac OS X 10_15_7) AppleWebKit/605.1.15 (KHTML, like Gecko) Version/17.6 Safari/605.1.15
Accept-Language: en-US,en;q=0.9
Sec-Fetch-Dest: document
Accept-Encoding: gzip, deflate

GET /?p=gyhk HTTP/1.1
Host: localhost:12003
Sec-Fetch-Site: none
Connection: keep-alive
Upgrade-Insecure-Requests: 1
Sec-Fetch-Mode: navigate
Accept: text/html,application/xhtml+xml,application/xml;q=0.9,*/*;q=0.8
User-Agent: Mozilla/5.0 (Macintosh; Intel Mac OS X 10_15_7) AppleWebKit/605.1.15 (KHTML, like Gecko) Version/17.6 Safari/605.1.15
Accept-Language: en-US,en;q=0.9
Sec-Fetch-Dest: document
Accept-Encoding: gzip, deflate

